<html>
<body>
<pre>
<h1>Vision Build Log</h1>
<h2>Project:</h2>
D:\zlz\校验台改造\program\Bootloader\TM4C123BootLoader\UART_bootloader\TM4C123UBoot.uvproj
Project File Date:  08/18/2014

<h2>Output:</h2>
Build target 'TM4C123UBoot'
compiling bl_autobaud.c...
User_C\bl_autobaud.c(26): error:  #5: cannot open source input file "inc/hw_gpio.h": No such file or directory
compiling bl_can.c...
User_C\bl_can.c(26): error:  #5: cannot open source input file "inc/hw_can.h": No such file or directory
compiling bl_check.c...
User_C\bl_check.c(27): error:  #5: cannot open source input file "inc/hw_gpio.h": No such file or directory
compiling bl_crc32.c...
User_C\bl_crc32.c(26): error:  #5: cannot open source input file "inc/hw_types.h": No such file or directory
compiling bl_decrypt.c...
User_C\bl_decrypt.c(27): error:  #5: cannot open source input file "bl_config.h": No such file or directory
compiling bl_emac.c...
User_C\bl_emac.c(28): error:  #5: cannot open source input file "bl_config.h": No such file or directory
compiling bl_flash.c...
User_C\bl_flash.c(26): error:  #5: cannot open source input file "inc/hw_types.h": No such file or directory
compiling bl_i2c.c...
User_C\bl_i2c.c(27): error:  #5: cannot open source input file "inc/hw_gpio.h": No such file or directory
compiling bl_main.c...
User_C\bl_main.c(27): error:  #5: cannot open source input file "inc/hw_gpio.h": No such file or directory
compiling bl_packet.c...
User_C\bl_packet.c(26): error:  #5: cannot open source input file "bl_config.h": No such file or directory
compiling bl_ssi.c...
User_C\bl_ssi.c(26): error:  #5: cannot open source input file "inc/hw_gpio.h": No such file or directory
compiling bl_uart.c...
User_C\bl_uart.c(26): error:  #5: cannot open source input file "inc/hw_gpio.h": No such file or directory
compiling bl_usb.c...
User_C\bl_usb.c(27): error:  #5: cannot open source input file "inc/hw_gpio.h": No such file or directory
compiling bl_usbfuncs.c...
User_C\bl_usbfuncs.c(28): error:  #5: cannot open source input file "inc/hw_types.h": No such file or directory
assembling bl_startup_rvmdk.S...
StartUp\bl_startup_rvmdk.S(25): error: A1023E: File "bl_config.inc" could not be opened: No such file or directory
StartUp\bl_startup_rvmdk.S(60): error: A1516E: Bad symbol '_STACK_SIZE', not defined or external
StartUp\bl_startup_rvmdk.S(104): error: A1516E: Bad symbol '_APP_START_ADDRESS', not defined or external
StartUp\bl_startup_rvmdk.S(136): error: A1516E: Bad symbol '_APP_START_ADDRESS', not defined or external
StartUp\bl_startup_rvmdk.S(384): error: A1516E: Bad symbol '_APP_START_ADDRESS', not defined or external
StartUp\bl_startup_rvmdk.S(413): error: A1516E: Bad symbol '_VTABLE_START_ADDRESS', not defined or external
StartUp\bl_startup_rvmdk.S(423): error: A1516E: Bad symbol '_APP_START_ADDRESS', not defined or external
".\Project_MDK\UBoot.axf" - 21 Errors, 0 Warning(s).
Target not created
Build target 'TM4C123UBoot'
compiling bl_autobaud.c...
User_C\bl_autobaud.c(30): error:  #5: cannot open source input file "bl_config.h": No such file or directory
compiling bl_can.c...
User_C\bl_can.c(34): error:  #5: cannot open source input file "bl_config.h": No such file or directory
compiling bl_check.c...
User_C\bl_check.c(31): error:  #5: cannot open source input file "bl_config.h": No such file or directory
compiling bl_crc32.c...
User_C\bl_crc32.c(29): error:  #5: cannot open source input file "bl_config.h": No such file or directory
compiling bl_decrypt.c...
User_C\bl_decrypt.c(27): error:  #5: cannot open source input file "bl_config.h": No such file or directory
compiling bl_emac.c...
User_C\bl_emac.c(28): error:  #5: cannot open source input file "bl_config.h": No such file or directory
compiling bl_flash.c...
User_C\bl_flash.c(30): error:  #5: cannot open source input file "bl_config.h": No such file or directory
compiling bl_i2c.c...
User_C\bl_i2c.c(32): error:  #5: cannot open source input file "bl_config.h": No such file or directory
compiling bl_main.c...
User_C\bl_main.c(36): error:  #5: cannot open source input file "bl_config.h": No such file or directory
compiling bl_packet.c...
User_C\bl_packet.c(26): error:  #5: cannot open source input file "bl_config.h": No such file or directory
compiling bl_ssi.c...
User_C\bl_ssi.c(31): error:  #5: cannot open source input file "bl_config.h": No such file or directory
compiling bl_uart.c...
User_C\bl_uart.c(31): error:  #5: cannot open source input file "bl_config.h": No such file or directory
compiling bl_usb.c...
User_C\bl_usb.c(34): error:  #5: cannot open source input file "bl_config.h": No such file or directory
compiling bl_usbfuncs.c...
User_C\bl_usbfuncs.c(35): error:  #5: cannot open source input file "bl_config.h": No such file or directory
assembling bl_startup_rvmdk.S...
StartUp\bl_startup_rvmdk.S(25): error: A1023E: File "bl_config.inc" could not be opened: No such file or directory
StartUp\bl_startup_rvmdk.S(60): error: A1516E: Bad symbol '_STACK_SIZE', not defined or external
StartUp\bl_startup_rvmdk.S(104): error: A1516E: Bad symbol '_APP_START_ADDRESS', not defined or external
StartUp\bl_startup_rvmdk.S(136): error: A1516E: Bad symbol '_APP_START_ADDRESS', not defined or external
StartUp\bl_startup_rvmdk.S(384): error: A1516E: Bad symbol '_APP_START_ADDRESS', not defined or external
StartUp\bl_startup_rvmdk.S(413): error: A1516E: Bad symbol '_VTABLE_START_ADDRESS', not defined or external
StartUp\bl_startup_rvmdk.S(423): error: A1516E: Bad symbol '_APP_START_ADDRESS', not defined or external
".\Project_MDK\UBoot.axf" - 21 Errors, 0 Warning(s).
Target not created
Build target 'TM4C123UBoot'
compiling bl_autobaud.c...
compiling bl_can.c...
compiling bl_check.c...
compiling bl_crc32.c...
compiling bl_decrypt.c...
compiling bl_emac.c...
compiling bl_flash.c...
compiling bl_i2c.c...
compiling bl_main.c...
compiling bl_packet.c...
compiling bl_ssi.c...
compiling bl_uart.c...
compiling bl_usb.c...
compiling bl_usbfuncs.c...
assembling bl_startup_rvmdk.S...
StartUp\bl_startup_rvmdk.S(25): error: A1023E: File "bl_config.inc" could not be opened: No such file or directory
StartUp\bl_startup_rvmdk.S(60): error: A1516E: Bad symbol '_STACK_SIZE', not defined or external
StartUp\bl_startup_rvmdk.S(104): error: A1516E: Bad symbol '_APP_START_ADDRESS', not defined or external
StartUp\bl_startup_rvmdk.S(136): error: A1516E: Bad symbol '_APP_START_ADDRESS', not defined or external
StartUp\bl_startup_rvmdk.S(384): error: A1516E: Bad symbol '_APP_START_ADDRESS', not defined or external
StartUp\bl_startup_rvmdk.S(413): error: A1516E: Bad symbol '_VTABLE_START_ADDRESS', not defined or external
StartUp\bl_startup_rvmdk.S(423): error: A1516E: Bad symbol '_APP_START_ADDRESS', not defined or external
".\Project_MDK\UBoot.axf" - 7 Errors, 0 Warning(s).
Target not created
Build target 'TM4C123UBoot'
compiling bl_autobaud.c...
compiling bl_can.c...
compiling bl_check.c...
compiling bl_crc32.c...
compiling bl_decrypt.c...
compiling bl_emac.c...
compiling bl_flash.c...
compiling bl_i2c.c...
compiling bl_main.c...
compiling bl_packet.c...
compiling bl_ssi.c...
compiling bl_uart.c...
compiling bl_usb.c...
compiling bl_usbfuncs.c...
assembling bl_startup_rvmdk.S...
StartUp\bl_startup_rvmdk.S(25): error: A1023E: File "bl_config.inc" could not be opened: No such file or directory
StartUp\bl_startup_rvmdk.S(60): error: A1516E: Bad symbol '_STACK_SIZE', not defined or external
StartUp\bl_startup_rvmdk.S(104): error: A1516E: Bad symbol '_APP_START_ADDRESS', not defined or external
StartUp\bl_startup_rvmdk.S(136): error: A1516E: Bad symbol '_APP_START_ADDRESS', not defined or external
StartUp\bl_startup_rvmdk.S(384): error: A1516E: Bad symbol '_APP_START_ADDRESS', not defined or external
StartUp\bl_startup_rvmdk.S(413): error: A1516E: Bad symbol '_VTABLE_START_ADDRESS', not defined or external
StartUp\bl_startup_rvmdk.S(423): error: A1516E: Bad symbol '_APP_START_ADDRESS', not defined or external
".\Project_MDK\UBoot.axf" - 7 Errors, 0 Warning(s).
Target not created
Build target 'TM4C123UBoot'
compiling bl_autobaud.c...
compiling bl_can.c...
compiling bl_check.c...
compiling bl_crc32.c...
compiling bl_decrypt.c...
compiling bl_emac.c...
compiling bl_flash.c...
compiling bl_i2c.c...
compiling bl_main.c...
compiling bl_packet.c...
compiling bl_ssi.c...
compiling bl_uart.c...
compiling bl_usb.c...
compiling bl_usbfuncs.c...
assembling bl_startup_rvmdk.S...
StartUp\bl_startup_rvmdk.S(25): error: A1023E: File "bl_config.inc" could not be opened: No such file or directory
StartUp\bl_startup_rvmdk.S(60): error: A1516E: Bad symbol '_STACK_SIZE', not defined or external
StartUp\bl_startup_rvmdk.S(104): error: A1516E: Bad symbol '_APP_START_ADDRESS', not defined or external
StartUp\bl_startup_rvmdk.S(136): error: A1516E: Bad symbol '_APP_START_ADDRESS', not defined or external
StartUp\bl_startup_rvmdk.S(384): error: A1516E: Bad symbol '_APP_START_ADDRESS', not defined or external
StartUp\bl_startup_rvmdk.S(413): error: A1516E: Bad symbol '_VTABLE_START_ADDRESS', not defined or external
StartUp\bl_startup_rvmdk.S(423): error: A1516E: Bad symbol '_APP_START_ADDRESS', not defined or external
".\Project_MDK\UBoot.axf" - 7 Errors, 0 Warning(s).
Target not created
Build target 'TM4C123UBoot'
compiling bl_autobaud.c...
compiling bl_can.c...
compiling bl_check.c...
compiling bl_crc32.c...
compiling bl_decrypt.c...
compiling bl_emac.c...
compiling bl_flash.c...
compiling bl_i2c.c...
compiling bl_main.c...
compiling bl_packet.c...
compiling bl_ssi.c...
compiling bl_uart.c...
compiling bl_usb.c...
compiling bl_usbfuncs.c...
assembling bl_startup_rvmdk.S...
StartUp\bl_startup_rvmdk.S(25): error: A1023E: File "bl_config.inc" could not be opened: No such file or directory
StartUp\bl_startup_rvmdk.S(60): error: A1516E: Bad symbol '_STACK_SIZE', not defined or external
StartUp\bl_startup_rvmdk.S(104): error: A1516E: Bad symbol '_APP_START_ADDRESS', not defined or external
StartUp\bl_startup_rvmdk.S(136): error: A1516E: Bad symbol '_APP_START_ADDRESS', not defined or external
StartUp\bl_startup_rvmdk.S(384): error: A1516E: Bad symbol '_APP_START_ADDRESS', not defined or external
StartUp\bl_startup_rvmdk.S(413): error: A1516E: Bad symbol '_VTABLE_START_ADDRESS', not defined or external
StartUp\bl_startup_rvmdk.S(423): error: A1516E: Bad symbol '_APP_START_ADDRESS', not defined or external
".\Project_MDK\UBoot.axf" - 7 Errors, 0 Warning(s).
Target not created
Build target 'TM4C123UBoot'
Before Build - User command #1: armcc --device DLM -I . -E -o bl_config.inc \boot_loader\bl_config.c
"no source": Error:  #5: cannot open source input file "\boot_loader\bl_config.c": No such file or directory
\boot_loader\bl_config.c: 0 warnings, 1 error
assembling bl_startup_rvmdk.S...
bl_config.inc(1): warning: A1313W: Missing END directive at end of file
   included by GET/INCLUDE directive from (25): warning: 
   included by GET/INCLUDE directive from : 
StartUp\bl_startup_rvmdk.S(60): error: A1516E: Bad symbol '_STACK_SIZE', not defined or external
StartUp\bl_startup_rvmdk.S(104): error: A1516E: Bad symbol '_APP_START_ADDRESS', not defined or external
StartUp\bl_startup_rvmdk.S(136): error: A1516E: Bad symbol '_APP_START_ADDRESS', not defined or external
StartUp\bl_startup_rvmdk.S(384): error: A1516E: Bad symbol '_APP_START_ADDRESS', not defined or external
StartUp\bl_startup_rvmdk.S(413): error: A1516E: Bad symbol '_VTABLE_START_ADDRESS', not defined or external
StartUp\bl_startup_rvmdk.S(423): error: A1516E: Bad symbol '_APP_START_ADDRESS', not defined or external
".\Project_MDK\UBoot.axf" - 6 Errors, 2 Warning(s).
Target not created
Build target 'TM4C123UBoot'
Before Build - User command #1: armcc --device DLM -I . -E -o bl_config.inc .\boot_loader\bl_config.c
"no source": Error:  #5: cannot open source input file ".\boot_loader\bl_config.c": No such file or directory
.\boot_loader\bl_config.c: 0 warnings, 1 error
assembling bl_startup_rvmdk.S...
bl_config.inc(1): warning: A1313W: Missing END directive at end of file
   included by GET/INCLUDE directive from (25): warning: 
   included by GET/INCLUDE directive from : 
StartUp\bl_startup_rvmdk.S(60): error: A1516E: Bad symbol '_STACK_SIZE', not defined or external
StartUp\bl_startup_rvmdk.S(104): error: A1516E: Bad symbol '_APP_START_ADDRESS', not defined or external
StartUp\bl_startup_rvmdk.S(136): error: A1516E: Bad symbol '_APP_START_ADDRESS', not defined or external
StartUp\bl_startup_rvmdk.S(384): error: A1516E: Bad symbol '_APP_START_ADDRESS', not defined or external
StartUp\bl_startup_rvmdk.S(413): error: A1516E: Bad symbol '_VTABLE_START_ADDRESS', not defined or external
StartUp\bl_startup_rvmdk.S(423): error: A1516E: Bad symbol '_APP_START_ADDRESS', not defined or external
".\Project_MDK\UBoot.axf" - 6 Errors, 2 Warning(s).
Target not created
Build target 'TM4C123UBoot'
Before Build - User command #1: armcc --device DLM -I . -E -o bl_config.inc .\User_C\bl_config.c
assembling bl_startup_rvmdk.S...
linking...
.\Project_MDK\UBoot.axf: Warning: L6305W: Image does not have an entry point. (Not specified or not set due to multiple choices.)
Program Size: Code=1960 RO-data=4 RW-data=16 ZI-data=2704  
After Build - User command #1: fromelf --bin --output .\Project_MDK\UBoot.bin ..\Project_MDK\UBoot.axf
"..\Project_MDK\UBoot.axf": Error: Q0122E: Could not open file '..\Project_MDK\UBoot.axf': No such file or directory
Finished: 0 information, 0 warning and 1 error messages.
".\Project_MDK\UBoot.axf" - 0 Errors, 1 Warning(s).
Build target 'TM4C123UBoot'
Before Build - User command #1: armcc --device DLM -I . -E -o bl_config.inc .\User_C\bl_config.c
assembling bl_startup_rvmdk.S...
linking...
Program Size: Code=1440 RO-data=4 RW-data=16 ZI-data=1680  
After Build - User command #1: fromelf --bin --output .\Project_MDK\UBoot.bin ..\Project_MDK\UBoot.axf
"..\Project_MDK\UBoot.axf": Error: Q0122E: Could not open file '..\Project_MDK\UBoot.axf': No such file or directory
Finished: 0 information, 0 warning and 1 error messages.
".\Project_MDK\UBoot.axf" - 0 Errors, 0 Warning(s).
Build target 'TM4C123UBoot'
Before Build - User command #1: armcc --device DLM -I . -E -o bl_config.inc .\User_C\bl_config.c
linking...
Program Size: Code=1440 RO-data=4 RW-data=16 ZI-data=1680  
After Build - User command #1: fromelf --bin --output .\Project_MDK\UBoot.bin .\Project_MDK\UBoot.axf
".\Project_MDK\UBoot.axf" - 0 Errors, 0 Warning(s).
